---------------------------------------------------------------
[ 2019-10-26T14:45:17+08:00 ] 192.168.31.196 POST /api/product/usersimulation
[ info ] 192.168.31.181/api/product/usersimulation [运行时间：0.028320s][吞吐率：35.31req/s] [内存消耗：1,663.26kb] [文件加载：46]
[ info ] [ LANG ] D:\phpstudy\WWW\zzcms2019\zzcms2019\api\jmw\framework\lang\zh-cn.php
[ info ] [ ROUTE ] array (
  'type' => 'module',
  'module' => 
  array (
    0 => 'api',
    1 => 'product',
    2 => 'usersimulation',
  ),
)
[ info ] [ HEADER ] array (
  'connection' => 'close',
  'content-length' => '0',
  'accept-encoding' => 'gzip, deflate',
  'host' => '192.168.31.181',
  'postman-token' => '7a5695f4-8422-4272-b665-a31793c602fa',
  'cache-control' => 'no-cache',
  'accept' => '*/*',
  'user-agent' => 'PostmanRuntime/7.19.0',
)
[ info ] [ PARAM ] array (
)
[ info ] [ RUN ] app\api\controller\Product->usersimulation[ D:\phpstudy\WWW\zzcms2019\zzcms2019\api\jmw\application\api\controller\Product.php ]
[ info ] [ LOG ] INIT File
---------------------------------------------------------------
[ 2019-10-26T15:58:22+08:00 ] 192.168.31.196 POST /api/discover/navlist?page=1&limit=5&classid=51
[ info ] 192.168.31.181/api/discover/navlist?page=1&limit=5&classid=51 [运行时间：0.077148s][吞吐率：12.96req/s] [内存消耗：2,572.62kb] [文件加载：57]
[ info ] [ LANG ] D:\phpstudy\WWW\zzcms2019\zzcms2019\api\jmw\framework\lang\zh-cn.php
[ info ] [ ROUTE ] array (
  'type' => 'module',
  'module' => 
  array (
    0 => 'api',
    1 => 'discover',
    2 => 'navlist',
  ),
)
[ info ] [ HEADER ] array (
  'connection' => 'close',
  'content-length' => '0',
  'accept-encoding' => 'gzip, deflate',
  'host' => '192.168.31.181',
  'postman-token' => '3bb119de-6b76-4b83-9d65-4656a6b6d742',
  'cache-control' => 'no-cache',
  'accept' => '*/*',
  'user-agent' => 'PostmanRuntime/7.19.0',
)
[ info ] [ PARAM ] array (
  'page' => '1',
  'limit' => '5',
  'classid' => '51',
)
[ info ] [ RUN ] app\api\controller\Discover->navlist[ D:\phpstudy\WWW\zzcms2019\zzcms2019\api\jmw\application\api\controller\Discover.php ]
[ info ] [ DB ] INIT mysql
[ info ] [ LOG ] INIT File
[ sql ] [ DB ] CONNECT:[ UseTime:0.001953s ] mysql:host=127.0.0.1;dbname=zzcms;charset=utf8
[ sql ] [ SQL ] SHOW COLUMNS FROM `zzcms_adclass` [ RunTime:0.006836s ]
[ sql ] [ SQL ] SELECT `classid`,`classname`,`parentid` FROM `zzcms_adclass` WHERE  `classid` = 51 LIMIT 1 [ RunTime:0.000976s ]
[ sql ] [ SQL ] SELECT `classname`,`parentid`,`photo`,`remarks`,`dl_classid` FROM `zzcms_adclass` WHERE  `classid` = 51 LIMIT 1 [ RunTime:0.000000s ]
[ sql ] [ SQL ] SHOW COLUMNS FROM `zzcms_zsclass` [ RunTime:0.005859s ]
[ sql ] [ SQL ] SELECT `classname`,`parentid` FROM `zzcms_zsclass` WHERE  `classid` = 2 LIMIT 1 [ RunTime:0.000000s ]
[ sql ] [ SQL ] SHOW COLUMNS FROM `zzcms_ad` [ RunTime:0.006836s ]
[ sql ] [ SQL ] SELECT COUNT(*) AS tp_count FROM `zzcms_ad` WHERE  `smallclassname` = '教育辅导'  AND `bigclassname` = '热门行业' LIMIT 1 [ RunTime:0.000977s ]
[ sql ] [ SQL ] SELECT `classname`,`parentid`,`dl_classid` FROM `zzcms_adclass` WHERE  `classid` = 51 LIMIT 1 [ RunTime:0.000976s ]
[ sql ] [ SQL ] SELECT `dl_id` FROM `zzcms_ad` WHERE  `smallclassname` = '教育辅导'  AND `bigclassname` = '热门行业' [ RunTime:0.000977s ]
[ sql ] [ SQL ] SHOW COLUMNS FROM `zzcms_dl` [ RunTime:0.006836s ]
[ sql ] [ SQL ] SELECT `d`.`cp`,`d`.`title`,`d`.`id`,`d`.`photo`,`d`.`hit`,`dl`.`dl_advantag`,`dl`.`price_min`,`dl`.`price_max`,`dl`.`store_num`,`dl`.`join_num`,`dl`.`join_people` FROM `zzcms_dl` `d` INNER JOIN `zzcms_dllist` `dl` ON `dl`.`did`=`d`.`id` WHERE  `d`.`id` IN ('') ORDER BY `d`.`hit` DESC LIMIT 0,5 [ RunTime:0.000977s ]
